ERROR:root:Expecting value: line 1 column 1 (char 0)
2026-03-30 11:12:19,909 ERROR function fetch_klines: Expecting value: line 1 column 1 (char 0)
2026-04-06 10:08:55,434 INFO Бот инициализирован. Депозит: 9180 USDT
2026-04-06 10:08:55,434 INFO Запуск VK Trader Bot...
2026-04-06 10:08:55,985 INFO Сообщение отправлено: \U0001f916 Бот запущен и начал мониторинг рынка!
Депозит: 9...
2026-04-06 10:08:57,102 INFO Сообщение отправлено: \U0001f7e1 НАЧАЛО ПРОДАЖИ: BTCUSDT
RSI: 65.45 (готовится к ...
2026-04-06 10:08:57,102 INFO Предсигнал продажи для BTCUSDT, RSI=65.45
2026-04-06 10:08:58,223 INFO Сообщение отправлено: \U0001f7e1 НАЧАЛО ПРОДАЖИ: ETHUSDT
RSI: 68.91 (готовится к ...
2026-04-06 10:08:58,223 INFO Предсигнал продажи для ETHUSDT, RSI=68.91
2026-04-06 10:09:27,931 INFO Сообщение отправлено: \U0001f916 ДОСТУПНЫЕ КОМАНДЫ:
\u251c\u2500 статус - показать текущее ...
2026-04-06 10:09:33,074 INFO Сообщение отправлено: \U0001f4ca СТАТУС БОТА
\u251c\u2500 Депозит: 9180 USDT
\u251c\u2500 Активных си...
2026-04-06 10:11:34,504 INFO Сообщение отправлено: \U0001f7e2 ГОТОВНОСТЬ ПРОДАТЬ: ETHUSDT
RSI: 70.31 | Цена: $...
2026-04-06 10:11:35,300 INFO Сообщение отправлено: \U0001f4ca ETHUSDT (RSI: 70.31)
Введите процент от депозита...
2026-04-06 10:11:35,300 INFO Сигнал продажи для ETHUSDT, RSI=70.31
2026-04-06 10:12:27,249 INFO Сообщение отправлено: \U0001f7e1 НАЧАЛО ПРОДАЖИ: ETHUSDT
RSI: 69.84 (готовится к ...
2026-04-06 10:12:27,249 INFO Предсигнал продажи для ETHUSDT, RSI=69.84
2026-04-06 10:13:09,480 INFO Сообщение отправлено: \U0001f4c8 ПРОДАЖА
\U0001f4b0 ETHUSDT
\u250c\u2500\u2500\u2500\u2500\u2500\u2500\u2500\u2500\u2500\u2500\u2500\u2500\u2500\u2500\u2500\u2500\u2500\u2500\u2500\u2500\u2500
\u2502 Депоз...
2026-04-06 10:13:09,480 INFO Расчет объема для ETHUSDT: 1.0% = 91.8 USDT
2026-04-06 10:15:55,082 INFO Сообщение отправлено: \U0001f7e2 ГОТОВНОСТЬ ПРОДАТЬ: ETHUSDT
RSI: 71.42 | Цена: $...
2026-04-06 10:15:55,578 INFO Сообщение отправлено: \U0001f4ca ETHUSDT (RSI: 71.42)
Введите процент от депозита...
2026-04-06 10:15:55,578 INFO Сигнал продажи для ETHUSDT, RSI=71.42
2026-04-06 10:16:24,774 INFO Бот остановлен пользователем
2026-04-06 10:17:09,857 INFO Бот инициализирован. Депозит: 9180 USDT
2026-04-06 10:17:09,857 INFO Запуск VK Trader Bot...
2026-04-06 10:17:10,393 INFO Сообщение отправлено: \U0001f916 Бот запущен и начал мониторинг рынка!
Депозит: 9...
2026-04-06 10:17:11,588 INFO Сообщение отправлено: \U0001f7e1 НАЧАЛО ПРОДАЖИ: BTCUSDT
RSI: 69.49 (готовится к ...
2026-04-06 10:17:11,589 INFO Предсигнал продажи для BTCUSDT, RSI=69.49
2026-04-06 10:17:12,614 INFO Сообщение отправлено: \U0001f7e2 ГОТОВНОСТЬ ПРОДАТЬ: ETHUSDT
RSI: 72.24 | Цена: $...
2026-04-06 10:17:13,369 INFO Сообщение отправлено: \U0001f4ca ETHUSDT (RSI: 72.24)
Введите процент от депозита...
2026-04-06 10:17:13,369 INFO Сигнал продажи для ETHUSDT, RSI=72.24
2026-04-06 10:18:05,293 INFO Сообщение отправлено: \U0001f7e1 НАЧАЛО ПРОДАЖИ: ETHUSDT
RSI: 72.51 (готовится к ...
2026-04-06 10:18:05,293 INFO Предсигнал продажи для ETHUSDT, RSI=72.51
2026-04-06 10:18:15,410 INFO Сообщение отправлено: \U0001f4c9 ПОКУПКА
\U0001f4b0 ETHUSDT
\u250c\u2500\u2500\u2500\u2500\u2500\u2500\u2500\u2500\u2500\u2500\u2500\u2500\u2500\u2500\u2500\u2500\u2500\u2500\u2500\u2500\u2500
\u2502 Депоз...
2026-04-06 10:18:15,410 INFO Расчет объема для ETHUSDT: 1.0% = 91.8 USDT
2026-04-06 10:18:57,259 INFO Сообщение отправлено: \U0001f7e2 ГОТОВНОСТЬ ПРОДАТЬ: ETHUSDT
RSI: 72.32 | Цена: $...
2026-04-06 10:18:57,752 INFO Сообщение отправлено: \U0001f4ca ETHUSDT (RSI: 72.32)
Введите процент от депозита...
2026-04-06 10:18:57,752 INFO Сигнал продажи для ETHUSDT, RSI=72.32
2026-04-06 10:19:52,568 INFO Сообщение отправлено: \U0001f7e1 НАЧАЛО ПРОДАЖИ: ETHUSDT
RSI: 72.56 (готовится к ...
2026-04-06 10:19:52,570 INFO Предсигнал продажи для ETHUSDT, RSI=72.56
2026-04-06 10:20:46,135 INFO Сообщение отправлено: \U0001f7e2 ГОТОВНОСТЬ ПРОДАТЬ: ETHUSDT
RSI: 72.74 | Цена: $...
2026-04-06 10:20:46,753 INFO Сообщение отправлено: \U0001f4ca ETHUSDT (RSI: 72.74)
Введите процент от депозита...
2026-04-06 10:20:46,753 INFO Сигнал продажи для ETHUSDT, RSI=72.74
2026-04-06 10:21:38,742 INFO Сообщение отправлено: \U0001f7e1 НАЧАЛО ПРОДАЖИ: ETHUSDT
RSI: 72.91 (готовится к ...
2026-04-06 10:21:38,742 INFO Предсигнал продажи для ETHUSDT, RSI=72.91
2026-04-06 10:22:32,366 INFO Сообщение отправлено: \U0001f7e2 ГОТОВНОСТЬ ПРОДАТЬ: ETHUSDT
RSI: 73.05 | Цена: $...
2026-04-06 10:22:32,884 INFO Сообщение отправлено: \U0001f4ca ETHUSDT (RSI: 73.05)
Введите процент от депозита...
2026-04-06 10:22:32,884 INFO Сигнал продажи для ETHUSDT, RSI=73.05
2026-04-06 10:23:25,025 INFO Сообщение отправлено: \U0001f7e1 НАЧАЛО ПРОДАЖИ: ETHUSDT
RSI: 73.4 (готовится к п...
2026-04-06 10:23:25,025 INFO Предсигнал продажи для ETHUSDT, RSI=73.4
2026-04-06 10:23:26,729 INFO Бот остановлен пользователем
2026-04-06 10:23:26,874 INFO Сообщение отправлено: \U0001f916 Бот остановлен...
2026-04-06 10:23:35,983 INFO Бот инициализирован. Депозит: 9180 USDT, Риск: 0.22%
2026-04-06 10:23:35,984 INFO Запуск VK Trader Bot...
2026-04-06 10:23:36,465 INFO Сообщение отправлено: \U0001f916 Бот запущен и начал мониторинг рынка!
\u251c\u2500 Депозит...
2026-04-06 10:23:37,629 INFO Сообщение отправлено: \U0001f7e1 НАЧАЛО ПРОДАЖИ: BTCUSDT
RSI: 69.69 (готовится к ...
2026-04-06 10:23:37,629 INFO Предсигнал продажи для BTCUSDT, RSI=69.69
2026-04-06 10:23:38,748 INFO Сообщение отправлено: \U0001f7e2 ГОТОВНОСТЬ ПРОДАТЬ: ETHUSDT
RSI: 73.25 | Цена: $...
2026-04-06 10:23:39,319 INFO Сообщение отправлено: \U0001f4ca ETHUSDT (RSI: 73.25)
\u26a1 Риск на сделку: 0.22% (20...
2026-04-06 10:23:39,320 INFO Сигнал продажи для ETHUSDT, RSI=73.25
2026-04-06 10:24:30,786 INFO Сообщение отправлено: \U0001f7e2 ГОТОВНОСТЬ ПРОДАТЬ: BTCUSDT
RSI: 70.43 | Цена: $...
2026-04-06 10:24:31,313 INFO Сообщение отправлено: \U0001f4ca BTCUSDT (RSI: 70.43)
\u26a1 Риск на сделку: 0.22% (20...
2026-04-06 10:24:31,314 INFO Сигнал продажи для BTCUSDT, RSI=70.43
2026-04-06 10:24:32,442 INFO Сообщение отправлено: \U0001f7e1 НАЧАЛО ПРОДАЖИ: ETHUSDT
RSI: 73.61 (готовится к ...
2026-04-06 10:24:32,444 INFO Предсигнал продажи для ETHUSDT, RSI=73.61
2026-04-06 10:25:23,588 INFO Сообщение отправлено: \U0001f7e1 НАЧАЛО ПРОДАЖИ: BTCUSDT
RSI: 70.56 (готовится к ...
2026-04-06 10:25:23,588 INFO Предсигнал продажи для BTCUSDT, RSI=70.56
2026-04-06 10:27:38,177 INFO Бот остановлен пользователем
2026-04-06 10:27:40,548 INFO Бот инициализирован. Депозит: 9180 USDT, Риск: 0.22%
2026-04-06 10:27:40,548 INFO Запуск VK Trader Bot...
2026-04-06 10:27:41,040 INFO Сообщение отправлено: \U0001f916 Бот запущен и начал мониторинг рынка!
\u251c\u2500 Депозит...
2026-04-06 10:27:42,201 INFO Сообщение отправлено: \U0001f534\U0001f534\U0001f534 СИЛЬНЫЙ СИГНАЛ ПРОДАЖИ \U0001f534\U0001f534\U0001f534
\u2514\u2500 BTCUSDT
   \u251c\u2500 RS...
2026-04-06 10:27:42,746 INFO Сообщение отправлено: \U0001f4ca BTCUSDT (RSI: 70.86)
\u26a1 Риск на сделку: 0.22% (20...
2026-04-06 10:27:42,748 INFO Изменение статуса BTCUSDT:  -> B, RSI=70.86
2026-04-06 10:27:43,744 INFO Сообщение отправлено: \U0001f534\U0001f534\U0001f534 СИЛЬНЫЙ СИГНАЛ ПРОДАЖИ \U0001f534\U0001f534\U0001f534
\u2514\u2500 ETHUSDT
   \u251c\u2500 RS...
2026-04-06 10:27:44,232 INFO Сообщение отправлено: \U0001f4ca ETHUSDT (RSI: 73.94)
\u26a1 Риск на сделку: 0.22% (20...
2026-04-06 10:27:44,232 INFO Изменение статуса ETHUSDT:  -> B, RSI=73.94
2026-04-06 10:32:54,848 INFO Сообщение отправлено: \U0001f7e1 СИГНАЛ: НАЧАЛО ПРОДАЖИ \U0001f7e1
\u2514\u2500 BTCUSDT
   \u251c\u2500 RSI: 6...
2026-04-06 10:32:54,848 INFO Изменение статуса BTCUSDT: B -> b, RSI=69.98
2026-04-06 10:36:22,029 INFO Антиспам для BTCUSDT: статус изменился с НАЧАЛО_ПРОДАЖИ на СИЛЬНАЯ_ПРОДАЖА, но прошло всего 207 секунд
2026-04-06 10:36:22,029 INFO Статус BTCUSDT не изменился или антиспам: СИЛЬНАЯ_ПРОДАЖА
2026-04-06 10:36:22,029 INFO Изменение статуса BTCUSDT: b -> B, RSI=70.84
2026-04-06 10:38:40,469 INFO Бот остановлен пользователем
2026-04-06 10:38:42,763 INFO Бот инициализирован. Депозит: 9180 USDT, Риск: 0.22%
2026-04-06 10:38:42,763 INFO Запуск VK Trader Bot...
2026-04-06 10:38:43,244 INFO Сообщение отправлено: \U0001f916 Бот запущен и начал мониторинг рынка!
\u251c\u2500 Депозит...
2026-04-06 10:38:44,345 INFO Сообщение отправлено: \U0001f534\U0001f534\U0001f534 СИЛЬНЫЙ СИГНАЛ ПРОДАЖИ \U0001f534\U0001f534\U0001f534
\u2514\u2500 BTCUSDT
   \u251c\u2500 RS...
2026-04-06 10:38:44,885 INFO Сообщение отправлено: \U0001f4ca BTCUSDT (RSI: 70.14)
\u26a1 Риск на сделку: 0.22% (20...
2026-04-06 10:38:44,885 INFO Изменение статуса BTCUSDT:  -> B, RSI=70.14
2026-04-06 10:38:45,955 INFO Сообщение отправлено: \U0001f534\U0001f534\U0001f534 СИЛЬНЫЙ СИГНАЛ ПРОДАЖИ \U0001f534\U0001f534\U0001f534
\u2514\u2500 ETHUSDT
   \u251c\u2500 RS...
2026-04-06 10:38:46,467 INFO Сообщение отправлено: \U0001f4ca ETHUSDT (RSI: 73.57)
\u26a1 Риск на сделку: 0.22% (20...
2026-04-06 10:38:46,468 INFO Изменение статуса ETHUSDT:  -> B, RSI=73.57
2026-04-06 10:38:57,144 INFO Сообщение отправлено: \U0001f4c8 ПРОДАЖА BTCUSDT
\u250c\u2500\u2500\u2500\u2500\u2500\u2500\u2500\u2500\u2500\u2500\u2500\u2500\u2500\u2500\u2500\u2500\u2500\u2500\u2500\u2500\u2500\u2500\u2500\u2500\u2500\u2500\u2500\u2500\u2500
\u2502...
2026-04-06 10:38:57,146 INFO Расчет позиции для BTCUSDT: цель=1.0%, объем=404.0 USDT, риск=20.2 USDT
2026-04-06 10:39:37,526 INFO Антиспам для BTCUSDT: статус изменился с СИЛЬНАЯ_ПРОДАЖА на НАЧАЛО_ПРОДАЖИ, но прошло всего 53 секунд
2026-04-06 10:39:37,526 INFO Статус BTCUSDT не изменился или антиспам: НАЧАЛО_ПРОДАЖИ
2026-04-06 10:39:37,526 INFO Изменение статуса BTCUSDT: B -> b, RSI=69.94
2026-04-06 10:43:06,034 INFO Статус BTCUSDT не изменился или антиспам: СИЛЬНАЯ_ПРОДАЖА
2026-04-06 10:43:06,034 INFO Изменение статуса BTCUSDT: b -> B, RSI=70.14
2026-04-06 10:44:00,073 INFO Сообщение отправлено: \U0001f7e1 СИГНАЛ: НАЧАЛО ПРОДАЖИ \U0001f7e1
\u2514\u2500 BTCUSDT
   \u251c\u2500 RSI: 6...
2026-04-06 10:44:00,076 INFO Изменение статуса BTCUSDT: B -> b, RSI=69.7
2026-04-06 10:47:19,980 INFO Бот остановлен пользователем
2026-04-06 10:47:20,004 ERROR Ошибка при отправке сообщения: ('Connection aborted.', RemoteDisconnected('Remote end closed connection without response'))
2026-04-06 10:47:28,249 INFO Бот инициализирован. Депозит: 9180 USDT, Риск: 0.22%, Плечо: 5x, RR: 1.0:1
2026-04-06 10:47:28,250 INFO Запуск VK Trader Bot...
2026-04-06 10:47:28,756 INFO Сообщение отправлено: \U0001f916 Бот запущен и начал мониторинг рынка!
\u251c\u2500 Депозит...
2026-04-06 10:47:29,897 INFO Сообщение отправлено: \U0001f7e1 СИГНАЛ: НАЧАЛО ПРОДАЖИ \U0001f7e1
\u2514\u2500 BTCUSDT
   \u251c\u2500 RSI: 6...
2026-04-06 10:47:29,897 INFO Изменение статуса BTCUSDT:  -> b, RSI=68.82
2026-04-06 10:47:30,971 INFO Сообщение отправлено: \U0001f534\U0001f534\U0001f534 СИЛЬНЫЙ СИГНАЛ ПРОДАЖИ (ШОРТ) \U0001f534\U0001f534\U0001f534
\u2514\u2500 ETHUSDT
 ...
2026-04-06 10:47:31,503 INFO Сообщение отправлено: \U0001f4ca ETHUSDT (RSI: 72.81)
\u26a1 Риск на сделку: 0.22% (20...
2026-04-06 10:47:31,503 INFO Изменение статуса ETHUSDT:  -> B, RSI=72.81
2026-04-06 10:47:47,202 INFO Сообщение отправлено: \u274c Ошибка! Введите число (процент движения, наприме...
2026-04-06 10:47:51,555 INFO Сообщение отправлено: \U0001f4c8 ПРОДАЖА (ШОРТ) ETHUSDT
\u250c\u2500\u2500\u2500\u2500\u2500\u2500\u2500\u2500\u2500\u2500\u2500\u2500\u2500\u2500\u2500\u2500\u2500\u2500\u2500\u2500\u2500\u2500\u2500\u2500...
2026-04-06 10:47:51,555 INFO Расчет позиции для ETHUSDT: цель=1.0%, объем=404.0 USDT, риск=20.2 USDT
2026-04-06 10:47:55,803 INFO Сообщение отправлено: \U0001f916 ДОСТУПНЫЕ КОМАНДЫ:
\u251c\u2500 статус - показать текущее ...
2026-04-06 10:48:00,828 INFO Сообщение отправлено: \U0001f4ca СТАТУС БОТА
\u251c\u2500 Депозит: $9180 USDT
\u251c\u2500 Риск: 0.22...
2026-04-06 10:50:57,941 INFO Антиспам для BTCUSDT: статус изменился с НАЧАЛО_ПРОДАЖИ на СИЛЬНАЯ_ПРОДАЖА, но прошло всего 208 секунд
2026-04-06 10:50:57,941 INFO Статус BTCUSDT не изменился или антиспам: СИЛЬНАЯ_ПРОДАЖА
2026-04-06 10:50:57,942 INFO Изменение статуса BTCUSDT: b -> B, RSI=70.36
2026-04-06 10:56:00,623 INFO Бот остановлен пользователем
2026-04-06 10:58:29,902 INFO Настройки загружены из name.txt: deposit=9180.0, risk=0.22%, leverage=5x, RR=1.0:1
2026-04-06 10:58:30,268 INFO Бот инициализирован. Настройки загружены из name.txt
2026-04-06 10:58:30,268 INFO Запуск VK Trader Bot...
2026-04-06 10:58:30,829 INFO Сообщение отправлено: \U0001f916 Бот запущен и начал мониторинг рынка!

\u2699\ufe0f ТЕКУЩИ...
2026-04-06 10:58:31,849 INFO Сообщение отправлено: \U0001f534\U0001f534\U0001f534 СИЛЬНЫЙ СИГНАЛ ПРОДАЖИ (ШОРТ) \U0001f534\U0001f534\U0001f534
\u2514\u2500 BTCUSDT
 ...
2026-04-06 10:58:32,347 INFO Сообщение отправлено: \U0001f4ca BTCUSDT (RSI: 71.02)
\u26a1 Риск на сделку: 0.22% (20...
2026-04-06 10:58:32,348 INFO Изменение статуса BTCUSDT:  -> B, RSI=71.02
2026-04-06 10:58:33,428 INFO Сообщение отправлено: \U0001f534\U0001f534\U0001f534 СИЛЬНЫЙ СИГНАЛ ПРОДАЖИ (ШОРТ) \U0001f534\U0001f534\U0001f534
\u2514\u2500 ETHUSDT
 ...
2026-04-06 10:58:33,924 INFO Сообщение отправлено: \U0001f4ca ETHUSDT (RSI: 74.1)
\u26a1 Риск на сделку: 0.22% (20....
2026-04-06 10:58:33,924 INFO Изменение статуса ETHUSDT:  -> B, RSI=74.1
2026-04-06 10:59:58,748 INFO Сообщение отправлено: \u274c Ошибка! Введите число (процент движения, наприме...
2026-04-06 11:00:01,017 INFO Сообщение отправлено: \U0001f4c8 ПРОДАЖА (ШОРТ) BTCUSDT
\u250c\u2500\u2500\u2500\u2500\u2500\u2500\u2500\u2500\u2500\u2500\u2500\u2500\u2500\u2500\u2500\u2500\u2500\u2500\u2500\u2500\u2500\u2500\u2500\u2500...
2026-04-06 11:00:01,017 INFO Расчет позиции для BTCUSDT: цель=1.0%, объем=404.0 USDT, риск=20.2 USDT
2026-04-06 11:00:07,940 INFO Сообщение отправлено: \u274c Ошибка! Введите число (процент движения, наприме...
2026-04-06 11:00:09,831 INFO Сообщение отправлено: \U0001f4c8 ПРОДАЖА (ШОРТ) ETHUSDT
\u250c\u2500\u2500\u2500\u2500\u2500\u2500\u2500\u2500\u2500\u2500\u2500\u2500\u2500\u2500\u2500\u2500\u2500\u2500\u2500\u2500\u2500\u2500\u2500\u2500...
2026-04-06 11:00:09,831 INFO Расчет позиции для ETHUSDT: цель=1.0%, объем=404.0 USDT, риск=20.2 USDT
2026-04-06 11:00:11,471 INFO Настройки сохранены в name.txt
2026-04-06 11:00:11,639 INFO Сообщение отправлено: \u2705 Депозит изменен на $9181.0 USDT
Сумма риска: $20...
2026-04-06 11:06:56,186 INFO Бот остановлен пользователем
2026-04-06 11:06:56,395 INFO Сообщение отправлено: \U0001f916 Бот остановлен...
2026-04-06 11:07:21,441 INFO Настройки загружены из name.txt: deposit=9181.0, risk=0.22%, leverage=5x, RR=1.0:1
2026-04-06 11:07:21,563 INFO Бот инициализирован. Настройки загружены из name.txt
2026-04-06 11:07:21,563 INFO Запуск VK Trader Bot...
2026-04-06 11:07:22,067 INFO Сообщение отправлено: \U0001f916 Бот запущен и начал мониторинг рынка!

\u2699\ufe0f ТЕКУЩИ...
2026-04-06 11:07:23,229 INFO Сообщение отправлено: \U0001f534\U0001f534\U0001f534 СИЛЬНЫЙ СИГНАЛ ПРОДАЖИ (ШОРТ) \U0001f534\U0001f534\U0001f534
\u2514\u2500 BTCUSDT
 ...
2026-04-06 11:07:23,779 INFO Сообщение отправлено: \U0001f4ca BTCUSDT (RSI: 70.08)
\u26a1 Риск на сделку: 0.22% (20...
2026-04-06 11:07:23,779 INFO Изменение статуса BTCUSDT:  -> B, RSI=70.08
2026-04-06 11:07:24,836 INFO Сообщение отправлено: \U0001f534\U0001f534\U0001f534 СИЛЬНЫЙ СИГНАЛ ПРОДАЖИ (ШОРТ) \U0001f534\U0001f534\U0001f534
\u2514\u2500 ETHUSDT
 ...
2026-04-06 11:07:24,836 INFO Сигнал для ETHUSDT добавлен в очередь (текущий активный запрос: BTCUSDT)
2026-04-06 11:07:25,410 INFO Сообщение отправлено: \u23f3 Сигнал для ETHUSDT поставлен в очередь. Дождитес...
2026-04-06 11:07:25,411 INFO Изменение статуса ETHUSDT:  -> B, RSI=72.66
2026-04-06 11:07:52,775 INFO Сообщение отправлено: \U0001f504 Активный запрос сброшен для изменения настроек...
2026-04-06 11:07:52,776 INFO Настройки сохранены в name.txt
2026-04-06 11:07:53,274 INFO Сообщение отправлено: \u2705 Депозит изменен на $9181.0 USDT
Сумма риска: $20...
2026-04-06 11:08:07,219 INFO Сообщение отправлено: \U0001f914 Неизвестная команда. Для справки отправьте 'помо...
2026-04-06 11:08:22,598 INFO Сообщение отправлено: \U0001f916 ДОСТУПНЫЕ КОМАНДЫ:
\u251c\u2500 статус - показать текущее ...
2026-04-06 11:10:11,095 INFO Сообщение отправлено: \u274c Нет активных запросов для пропуска...
2026-04-06 11:12:07,684 INFO Сообщение отправлено: \U0001f914 Неизвестная команда. Для справки отправьте 'помо...
2026-04-06 11:12:18,425 INFO Сообщение отправлено: \U0001f914 Неизвестная команда. Для справки отправьте 'помо...
2026-04-06 11:12:30,974 INFO Сообщение отправлено: \U0001f914 Неизвестная команда. Для справки отправьте 'помо...
2026-04-06 11:44:12,263 ERROR Ошибка в обработчике сообщений: ('Connection aborted.', ConnectionResetError(10054, 'Удаленный хост принудительно разорвал существующее подключение', None, 10054, None))
2026-04-06 12:42:16,914 ERROR fetch_klines error for BTCUSDT: ('Connection aborted.', ConnectionResetError(10054, 'Удаленный хост принудительно разорвал существующее подключение', None, 10054, None))
2026-04-06 12:42:16,916 WARNING BTCUSDT: Не удалось получить данные свечей
2026-04-06 12:42:16,916 ERROR Ошибка в обработчике сообщений: ('Connection aborted.', ConnectionResetError(10054, 'Удаленный хост принудительно разорвал существующее подключение', None, 10054, None))
2026-04-06 12:42:16,925 ERROR fetch_current_price error for ETHUSDT: HTTPSConnectionPool(host='fapi.binance.com', port=443): Max retries exceeded with url: /fapi/v1/ticker/price?symbol=ETHUSDT (Caused by NewConnectionError('<urllib3.connection.HTTPSConnection object at 0x000001AB1868DD30>: Failed to establish a new connection: [Errno 11001] getaddrinfo failed'))
2026-04-06 12:42:16,928 ERROR fetch_klines error for ETHUSDT: HTTPSConnectionPool(host='fapi.binance.com', port=443): Max retries exceeded with url: /fapi/v1/klines?symbol=ETHUSDT&interval=1h&limit=100 (Caused by NewConnectionError('<urllib3.connection.HTTPSConnection object at 0x000001AB1868DEB0>: Failed to establish a new connection: [Errno 11001] getaddrinfo failed'))
2026-04-06 12:42:16,928 WARNING ETHUSDT: Не удалось получить данные свечей
2026-04-06 12:42:17,925 ERROR Ошибка в обработчике сообщений: HTTPSConnectionPool(host='im.vk.com', port=443): Max retries exceeded with url: /nim237098127?act=a_check&key=6dec01dddeb79aacde5b652c4f1e3c2ae29a7550421e3d26&ts=1726190071&wait=25&mode=234&version=3 (Caused by NewConnectionError('<urllib3.connection.HTTPSConnection object at 0x000001AB1868D670>: Failed to establish a new connection: [Errno 11001] getaddrinfo failed'))
2026-04-06 12:42:18,931 ERROR Ошибка в обработчике сообщений: HTTPSConnectionPool(host='im.vk.com', port=443): Max retries exceeded with url: /nim237098127?act=a_check&key=6dec01dddeb79aacde5b652c4f1e3c2ae29a7550421e3d26&ts=1726190071&wait=25&mode=234&version=3 (Caused by NewConnectionError('<urllib3.connection.HTTPSConnection object at 0x000001AB1868D7F0>: Failed to establish a new connection: [Errno 11001] getaddrinfo failed'))
2026-04-06 22:38:45,310 ERROR Ошибка в обработчике сообщений: ('Connection aborted.', ConnectionResetError(10054, 'Удаленный хост принудительно разорвал существующее подключение', None, 10054, None))
2026-04-06 22:38:46,319 ERROR Ошибка в обработчике сообщений: HTTPSConnectionPool(host='im.vk.com', port=443): Max retries exceeded with url: /nim237098127?act=a_check&key=6dec01dddeb79aacde5b652c4f1e3c2ae29a7550421e3d26&ts=1726190071&wait=25&mode=234&version=3 (Caused by NewConnectionError('<urllib3.connection.HTTPSConnection object at 0x000001AB1868DA00>: Failed to establish a new connection: [Errno 11001] getaddrinfo failed'))
2026-04-06 22:38:47,331 ERROR Ошибка в обработчике сообщений: HTTPSConnectionPool(host='im.vk.com', port=443): Max retries exceeded with url: /nim237098127?act=a_check&key=6dec01dddeb79aacde5b652c4f1e3c2ae29a7550421e3d26&ts=1726190071&wait=25&mode=234&version=3 (Caused by NewConnectionError('<urllib3.connection.HTTPSConnection object at 0x000001AB1868D9A0>: Failed to establish a new connection: [Errno 11001] getaddrinfo failed'))
2026-04-06 22:38:49,175 INFO Сообщение отправлено: \U0001f916 ДОСТУПНЫЕ КОМАНДЫ:
\u251c\u2500 статус - показать текущее ...
2026-04-06 22:38:49,651 INFO Сообщение отправлено: \U0001f914 Неизвестная команда. Для справки отправьте 'помо...
2026-04-06 22:39:32,069 INFO Изменение статуса BTCUSDT: B -> , RSI=64.48
2026-04-06 22:39:34,785 INFO Изменение статуса ETHUSDT: B -> , RSI=59.64
2026-04-06 22:39:42,462 INFO Бот остановлен пользователем
2026-04-06 22:39:42,593 INFO Сообщение отправлено: \U0001f916 Бот остановлен...
2026-04-09 21:20:43,377 INFO Настройки загружены из settings.txt: deposit=9181.0, risk=0.22%, leverage=5x, RR=1.0:1
2026-04-09 21:20:43,377 INFO ExchangeParser инициализирован: Spot API
2026-04-09 21:20:43,541 INFO Бот инициализирован. Настройки загружены из settings.txt
2026-04-09 21:20:43,542 INFO Запуск VK Trader Bot...
2026-04-09 21:20:44,022 INFO Сообщение отправлено: \U0001f916 Бот запущен и начал мониторинг рынка!

\u2699\ufe0f ТЕКУЩИ...
2026-04-09 22:40:20,557 ERROR Ошибка в обработчике сообщений: ('Connection aborted.', ConnectionResetError(10054, 'Удаленный хост принудительно разорвал существующее подключение', None, 10054, None))
2026-04-09 22:40:20,558 ERROR fetch_klines error for BTCUSDT: ('Connection aborted.', ConnectionAbortedError(10053, 'Программа на вашем хост-компьютере разорвала установленное подключение', None, 10053, None))
2026-04-09 22:40:20,558 WARNING BTCUSDT: Не удалось получить данные свечей
2026-04-09 22:40:20,695 ERROR fetch_current_price error for BTCUSDT: HTTPSConnectionPool(host='api.binance.com', port=443): Max retries exceeded with url: /api/v3/ticker/price?symbol=BTCUSDT (Caused by NewConnectionError('<urllib3.connection.HTTPSConnection object at 0x000001F709DF2B80>: Failed to establish a new connection: [Errno 11001] getaddrinfo failed'))
2026-04-09 22:40:20,738 ERROR fetch_klines error for BTCUSDT: HTTPSConnectionPool(host='api.binance.com', port=443): Max retries exceeded with url: /api/v3/klines?symbol=BTCUSDT&interval=15m&limit=200 (Caused by NewConnectionError('<urllib3.connection.HTTPSConnection object at 0x000001F709DF2B50>: Failed to establish a new connection: [Errno 11001] getaddrinfo failed'))
2026-04-09 22:40:20,739 WARNING BTCUSDT: Не удалось получить данные свечей
2026-04-09 22:40:20,779 ERROR fetch_current_price error for ETHUSDT: HTTPSConnectionPool(host='api.binance.com', port=443): Max retries exceeded with url: /api/v3/ticker/price?symbol=ETHUSDT (Caused by NewConnectionError('<urllib3.connection.HTTPSConnection object at 0x000001F709DF2880>: Failed to establish a new connection: [Errno 11001] getaddrinfo failed'))
2026-04-09 22:40:20,790 ERROR fetch_klines error for ETHUSDT: HTTPSConnectionPool(host='api.binance.com', port=443): Max retries exceeded with url: /api/v3/klines?symbol=ETHUSDT&interval=1h&limit=200 (Caused by NewConnectionError('<urllib3.connection.HTTPSConnection object at 0x000001F709DF2BB0>: Failed to establish a new connection: [Errno 11001] getaddrinfo failed'))
2026-04-09 22:40:20,790 WARNING ETHUSDT: Не удалось получить данные свечей
2026-04-09 23:19:22,903 ERROR Ошибка в обработчике сообщений: ('Connection aborted.', ConnectionResetError(10054, 'Удаленный хост принудительно разорвал существующее подключение', None, 10054, None))
2026-04-09 23:39:27,423 ERROR Ошибка в обработчике сообщений: ('Connection aborted.', ConnectionResetError(10054, 'Удаленный хост принудительно разорвал существующее подключение', None, 10054, None))
2026-04-10 00:00:31,057 ERROR Ошибка в обработчике сообщений: HTTPSConnectionPool(host='im.vk.com', port=443): Read timed out. (read timeout=35)
2026-04-10 00:04:18,494 INFO Бот остановлен пользователем
